0 verbose cli C:\Program Files\nodejs\node.exe C:\Users\yashv\AppData\Roaming\npm\node_modules\npm\bin\npm-cli.js
1 info using npm@11.7.0
2 info using node@v20.19.1
3 silly config load:file:C:\Users\yashv\AppData\Roaming\npm\node_modules\npm\npmrc
4 silly config load:file:E:\Mandi_connect\.npmrc
5 silly config load:file:C:\Users\yashv\.npmrc
6 silly config load:file:C:\Users\yashv\AppData\Roaming\npm\etc\npmrc
7 verbose title npm list react-native-worklets react-native-reanimated
8 verbose argv "list" "react-native-worklets" "react-native-reanimated"
9 verbose logfile logs-max:10 dir:E:\Mandi_connect\npm-cache\_logs\2026-02-18T18_21_13_094Z-
10 verbose logfile E:\Mandi_connect\npm-cache\_logs\2026-02-18T18_21_13_094Z-debug-0.log
11 silly logfile start cleaning logs, removing 1 files
12 silly packumentCache heap:2197815296 maxSize:549453824 maxEntrySize:274726912
13 silly logfile done cleaning log files
14 verbose cwd E:\Mandi_connect
15 verbose os Windows_NT 10.0.26100
16 verbose node v20.19.1
17 verbose npm  v11.7.0
18 verbose exit 0
19 info ok
